<?xml version="1.0" encoding="UTF-8"?>
<testng-results ignored="0" total="1" passed="1" failed="0" skipped="0">
  <reporter-output>
  </reporter-output>
  <suite started-at="2026-01-15T16:46:14 IST" name="Suite" finished-at="2026-01-15T16:46:18 IST" duration-ms="4641">
    <groups>
    </groups>
    <test started-at="2026-01-15T16:46:14 IST" name="Test" finished-at="2026-01-15T16:46:18 IST" duration-ms="4641">
      <class name="Com.SRP_Filter_Model.SRP_Main_Test">
        <test-method is-config="true" signature="setup()[pri:0, instance:Com.SRP_Filter_Model.SRP_Main_Test@394df057]" started-at="2026-01-15T16:46:14 IST" name="setup" finished-at="2026-01-15T16:46:14 IST" duration-ms="10" status="PASS">
          <reporter-output>
          </reporter-output>
        </test-method> <!-- setup -->
        <test-method signature="runSRPTest()[pri:0, instance:Com.SRP_Filter_Model.SRP_Main_Test@394df057]" started-at="2026-01-15T16:46:14 IST" name="runSRPTest" finished-at="2026-01-15T16:46:18 IST" duration-ms="4594" status="PASS">
          <reporter-output>
          </reporter-output>
        </test-method> <!-- runSRPTest -->
      </class> <!-- Com.SRP_Filter_Model.SRP_Main_Test -->
    </test> <!-- Test -->
  </suite> <!-- Suite -->
</testng-results>
