<?xml version="1.0" encoding="UTF-8"?>
<testng-results ignored="0" total="1" passed="1" failed="0" skipped="0">
  <reporter-output>
  </reporter-output>
  <suite started-at="2026-01-17T14:55:19 IST" name="Default suite" finished-at="2026-01-17T14:55:26 IST" duration-ms="7152">
    <groups>
    </groups>
    <test started-at="2026-01-17T14:55:19 IST" name="Default test" finished-at="2026-01-17T14:55:26 IST" duration-ms="7152">
      <class name="Com.SRP_Filter_Model.SRP_Main_Test">
        <test-method is-config="true" signature="setup()[pri:0, instance:Com.SRP_Filter_Model.SRP_Main_Test@385e9564]" started-at="2026-01-17T14:55:19 IST" name="setup" finished-at="2026-01-17T14:55:19 IST" duration-ms="41" status="PASS">
          <reporter-output>
          </reporter-output>
        </test-method> <!-- setup -->
        <test-method signature="runSRPTest()[pri:0, instance:Com.SRP_Filter_Model.SRP_Main_Test@385e9564]" started-at="2026-01-17T14:55:19 IST" name="runSRPTest" finished-at="2026-01-17T14:55:26 IST" duration-ms="6982" status="PASS">
          <reporter-output>
          </reporter-output>
        </test-method> <!-- runSRPTest -->
      </class> <!-- Com.SRP_Filter_Model.SRP_Main_Test -->
    </test> <!-- Default test -->
  </suite> <!-- Default suite -->
</testng-results>
